#name	achi	jd	ra	dec	exptime	barycorr
HD65445	achi210220.1144.fits	2459267.0650717593	119.14525	-47.21752777777778	1200.0	-2.1344829374999104
TYC8134-3161-1	achi200114.1279.fits	2458864.122966435	115.93641666666667	-46.323638888888894	1200.0	4.665422361770079
TYC8142-1542-1	achi200114.1281.fits	2458864.139534722	115.98820833333333	-49.42072222222222	1200.0	4.823442448018573
HD65894	achi200114.1287.fits	2458864.194134259	119.87795833333334	-45.942611111111106	1200.0	6.1588308064834125
2MASSJ08391713-523	achi191202.1162.fits	2458821.269981481	129.83229166666666	-52.49638888888889	1200.0	12.13869782057448
TYC8118-1348-1	achi191217.1139.fits	2458836.123236111	105.90329166666666	-45.52972222222222	1200.0	6.240576752417679
2MASSJ07162429-452	achi191217.1141.fits	2458836.139020833	109.11320833333333	-45.34108333333334	1200.0	7.385093373727408
2MASSJ08405698-581	achi220329.1123.fits	2459668.931523148	130.36695833333334	-58.39794444444444	1200.0	-2.426995886487895
CD-463194	achi181227.1153.fits	2458481.1650590277	112.406875	-46.52041666666666	1151.0	6.728374601850968
2MASSJ08250239-494	achi200226.1144.fits	2458907.0359108793	126.25779166666666	-49.80008333333333	1200.0	-0.5164284107529779
TYC8162-1365-1	achi210410.1134.fits	2459316.003931713	129.21120833333333	-51.19733333333333	1200.0	-7.904099135363199
TYC8163-1479-1	achi210410.1136.fits	2459316.0204224535	129.80754166666668	-51.31038888888889	1200.0	-7.775792065943937
TYC8163-165-1	achi210410.1138.fits	2459316.0363518517	130.261125	-52.45730555555556	1200.0	-7.164927748432984
2MASSJ08062540-473	achi201104.1154.fits	2459159.197878472	121.6065	-47.55522222222222	1200.0	12.18428389509959
TYC8120-2311-1	achi200106.1153.fits	2458856.1480636573	110.49116666666667	-46.043305555555555	1200.0	4.292752432161563
TYC8133-155-1	achi200113.1273.fits	2458863.0854525464	115.351625	-46.688138888888886	1200.0	4.621635948907964
2MASSJ07513612-460	achi200113.1278.fits	2458863.120515046	118.0545	-46.07772222222223	1200.0	5.6056362998753375
2MASSJ08073874-454	achi220415.1120.fits	2459685.9324988425	121.91958333333334	-45.819388888888895	1200.0	-11.62965763363528
2MASSJ08074856-481	achi220415.1126.fits	2459685.98327662	121.96166666666667	-48.193666666666665	1200.0	-10.408210709439984
2MASSJ08090849-470	achi220415.1128.fits	2459685.998800926	122.29666666666667	-47.036138888888885	1200.0	-10.932113576618958
TYC8137-2850-1	achi181228.1147.fits	2458482.0937569444	112.87975	-46.97508333333334	1200.0	6.6036454323907465
HD69991	achi200229.1133.fits	2458910.016853009	124.30520833333334	-51.70130555555556	1200.0	-1.0422229405826016
2MASSJ07520153-485	achi200221.1123.fits	2458901.9693703703	118.003625	-48.83661111111111	1200.0	-2.099195407462769
TYC8138-2794-1	achi200221.1125.fits	2458901.9851006945	118.00779166666666	-47.046388888888885	1200.0	-2.659723343234844
2MASSJ08302738-510	achi200221.1134.fits	2458902.0609814813	127.61170833333334	-51.15647222222222	1200.0	1.3461928658936118
OOVel	achi200221.1142.fits	2458901.7614618056	130.034875	-51.945055555555555	170.0	2.2334092771626373
2MASSJ08284752-342	achi201103.1166.fits	2459158.269501157	127.19754166666667	-34.49022222222222	1200.0	18.23191327878423
2MASSJ08243944-521	achi200220.1151.fits	2458901.0830451385	126.30479166666667	-52.31927777777778	1200.0	1.5253830903320884
2MASSJ08374576-495	achi200220.1153.fits	2458901.098946759	129.595625	-49.982083333333335	1200.0	1.8814032949910726
2MASSJ08434121-520	achi200220.1155.fits	2458901.114890046	131.07041666666666	-52.08086111111111	1200.0	2.8345981342863755
2MASSJ08023538-484	achi201102.1174.fits	2459157.2776550925	120.64804166666667	-48.80288888888889	1200.0	11.48992777663925
TYC8124-1497-1	achi210226.1128.fits	2459272.9820474535	110.22116666666666	-48.0805	1200.0	-5.321105973572991
TYC8551-1683-1	achi210226.1130.fits	2459272.998159722	110.45254166666666	-54.13775	1200.0	-2.8499569075026296
CD-423577	achi210226.1132.fits	2459273.013972222	117.49620833333333	-43.102805555555555	1200.0	-5.330698418807877
2MASSJ08295658-511	achi210627.1116.fits	2459393.860577546	127.48379166666666	-51.19358333333333	1200.0	-10.495482189005527
2MASSJ08373864-510	achi210627.1118.fits	2459393.878011574	129.41066666666666	-50.998666666666665	1200.0	-11.036342562038701
TYC8163-2131-1	achi210325.1128.fits	2459299.9840300926	129.95645833333333	-51.54186111111111	1200.0	-4.8377405412961565
HD63254	achi200107.1148.fits	2458857.1424340275	116.584	-46.82341666666667	1200.0	6.25002955870156
2MASSJ07095779-463	achi191211.1150.fits	2458830.193350694	107.50066666666666	-46.53938888888889	1200.0	7.613737794072164
TYC8135-4862-1	achi200228.1129.fits	2458909.034009259	118.779375	-46.69127777777778	1200.0	-3.9583432039891617
TYC8137-2862-1	achi181229.1137.fits	2458483.04512037	112.87425	-46.95586111111111	1200.0	6.402888841835608
2MASSJ08015398-482	achi220320.1131.fits	2459659.9765069443	120.48345833333333	-48.431305555555554	1200.0	-6.811011594429821
2MASSJ08073280-511	achi220320.1133.fits	2459659.991875	121.89458333333333	-51.22347222222223	1200.0	-5.318802728761702
2MASSJ08165811-524	achi220320.1135.fits	2459660.0072604166	124.25016666666667	-52.69944444444444	1200.0	-4.269285579917844
TYC8132-127-1	achi210512.1132.fits	2459347.931747685	109.84316666666666	-52.05016666666666	1200.0	-8.685268775037084
2MASSJ08291213-505	achi201105.1159.fits	2459160.23052662	127.30029166666667	-50.88794444444444	1200.0	11.137816619964497
2MASSJ07164444-453	achi200108.1292.fits	2458858.176997685	109.33241666666666	-45.552611111111105	1200.0	3.5243440325327207
2MASSJ08061943-530	achi220510.1116.fits	2459710.861634259	121.58	-53.14	1200.0	-9.989158529882015
2MASSJ08164134-530	achi220510.1118.fits	2459710.877872685	124.17091666666667	-53.08847222222222	1200.0	-10.253259841970344
2MASSJ08034975-515	achi220413.1118.fits	2459683.928929398	120.96404166666666	-51.94461111111111	1200.0	-8.464591555185372
HD70718	achi210221.1150.fits	2459268.0744953705	125.32004166666667	-48.94741666666666	1096.0	-0.0611368413092645
HD71003	achi210221.1152.fits	2459267.94637037	125.68941666666667	-51.369638888888886	686.0	0.6062670758083872
2MASSJ07145871-453	achi181101.1160.fits	2458425.153744213	108.740625	-45.59886111111111	1200.0	11.495131332443707
CD-472916	achi181101.1164.fits	2458425.1745671295	108.79775	-47.81511111111111	1200.0	10.54704915866633
TYC8119-884-1	achi181101.1170.fits	2458425.2093229163	108.90125	-45.79633333333333	1200.0	11.461372026019987
TYC8119-1809-1	achi181101.1172.fits	2458425.224798611	109.05425	-46.54361111111111	1200.0	11.172175448302378
TYC8119-472-1	achi181101.1174.fits	2458425.2414432866	109.24158333333334	-46.064055555555555	1200.0	11.42338744697212
2MASSJ08105347-481	achi220328.1123.fits	2459667.93596412	122.88954166666667	-48.32402777777778	1200.0	-7.900430872785576
HD65774	achi191216.1147.fits	2458834.9781666663	119.51554166666666	-49.01658333333334	595.0	10.067032172061177
2MASSJ08590528-553	achi210328.1125.fits	2459302.9578449074	134.76729166666667	-55.573	1200.0	-2.9073695489936076
2MASSJ08471427-555	achi220322.1132.fits	2459662.040599537	131.81945833333333	-55.84077777777778	1200.0	-1.9799283003383408
2MASSJ08510578-590	achi220322.1134.fits	2459662.055988426	132.782875	-59.14033333333333	1200.0	-0.42290714714773425
TYC8162-73-1	achi200225.1145.fits	2458906.015887731	126.60658333333333	-50.89361111111111	1200.0	0.10131250978461764
TYC8123-695-1	achi191214.1145.fits	2458833.1794120367	108.59683333333334	-47.932361111111106	1200.0	7.281239609707595
TYC8119-1883-1	achi191214.1147.fits	2458833.195091435	108.67908333333334	-46.345111111111116	1200.0	7.607543343252749
CD-443499	achi191214.1149.fits	2458833.21084375	112.8905	-44.82227777777778	1200.0	9.280442182499593
2MASSJ08391280-510	achi190618.1130.fits	2458653.9234166667	129.817	-51.12983333333333	1200.0	-11.777889277545642
2MASSJ08432284-590	achi220411.1120.fits	2459681.903517361	130.84275	-59.05316666666666	1200.0	-4.177089670766223
CD-453071	achi181103.1151.fits	2458427.154329861	109.417125	-45.73141666666667	1200.0	11.50189629991045
CD-463053	achi181103.1153.fits	2458427.1715555554	109.55029166666667	-46.255805555555554	1200.0	11.304236305665473
2MASSJ07220786-460	achi181103.1160.fits	2458427.254575231	110.544375	-46.14675	1200.0	11.56567309641248
TYC8120-2138-1	achi181103.1162.fits	2458427.269795139	110.38083333333333	-45.5605	1200.0	11.813605884281827
TYC8139-2616-1	achi200222.1132.fits	2458903.023287037	118.33995833333333	-47.22811111111111	1200.0	-2.670967339366574
2MASSJ07541482-462	achi200222.1134.fits	2458903.039278935	118.56091666666667	-46.43636111111111	1200.0	-2.844775181896121
CD-483672	achi200222.1136.fits	2458903.0549571756	124.50175	-48.523916666666665	1200.0	-0.4949003951454537
2MASSJ07513612-460_2	achi190602.1121.fits	2458637.867438657	117.89441666666667	-46.022555555555556	1200.0	-11.531498459845267
CD-472887	achi191213.1145.fits	2458832.194815972	108.4015	-47.22119444444445	1200.0	7.501852452015383
TYC8568-2409-1	achi210409.1147.fits	2459315.058486111	129.08804166666667	-53.63777777777778	1200.0	-6.508135901698428
2MASSJ07162092-463	achi200110.1278.fits	2458860.1034618053	109.22841666666666	-46.546194444444446	1200.0	3.037751063925249
2MASSJ07184659-453	achi200110.1280.fits	2458860.124425926	109.83945833333334	-45.62613888888889	1200.0	3.2400809135890802
2MASSJ07140743-462	achi200105.1153.fits	2458855.1748611107	108.67116666666666	-46.51905555555555	1200.0	3.87352064680739
HD57416	achi181104.1161.fits	2458428.0942465276	109.74370833333333	-46.04752777777777	873.0	11.400835920045148
CD-463075	achi181104.1163.fits	2458428.219700231	110.00604166666666	-46.54286111111111	1200.0	11.267015911398726
2MASSJ08052080-462	achi220403.1118.fits	2459673.9268449075	121.333625	-46.41611111111111	1200.0	-9.903536258954547
2MASSJ08060653-472	achi220403.1120.fits	2459673.9420682867	121.5255	-47.35597222222222	1200.0	-9.417983717845226
2MASSJ08130680-525	achi220416.1124.fits	2459686.944013889	123.28504166666667	-53.002722222222225	1200.0	-8.189278310649458
2MASSJ08145598-522	achi220416.1126.fits	2459686.959400463	123.7395	-52.36541666666667	1200.0	-8.47302712833135
CD-472816	achi191212.1152.fits	2458831.1644398146	106.874875	-47.381083333333336	1200.0	7.0806721352572515
HD56857	achi191212.1154.fits	2458830.901017361	109.15675	-46.23558333333333	390.0	8.037637133007516
CD-463031A	achi191212.1156.fits	2458830.9067662037	109.15966666666667	-46.2355	390.0	8.03092382650052
TYC8119-1855-1	achi191212.1158.fits	2458831.195165509	109.15716666666667	-46.69716666666666	1200.0	7.977399110426126
2MASSJ08421958-584	achi220417.1122.fits	2459687.9485474536	130.58245833333334	-58.819472222222224	1200.0	-5.145994877809885
2MASSJ08432719-583	achi220417.1124.fits	2459687.964212963	130.86295833333332	-58.51986111111111	1200.0	-5.265237167889255
HD57552	achi181105.1171.fits	2458428.9345416664	109.87229166666667	-47.21383333333333	297.0	11.07742153045805
HD57597	achi181105.1173.fits	2458429.140428241	109.976625	-45.633	875.0	11.5829916744661
HD73950	achi211104.1165.fits	2459524.274685185	129.73770833333333	-51.69638888888888	1200.0	10.780430501349432
TYC8569-2369-1	achi210326.1125.fits	2459300.954739583	132.6085	-54.1325	1200.0	-3.4959730831107363
2MASSJ07122400-452	achi200104.1155.fits	2458854.198542824	108.24933333333334	-45.416999999999994	1200.0	3.9383046397606236
TYC8124-2032-1	achi200104.1162.fits	2458854.2387604164	111.60641666666666	-47.078694444444444	1200.0	5.186293788248077
2MASSJ07254813-470	achi200111.1284.fits	2458861.1276122686	111.594625	-47.08330555555556	1200.0	3.744215469265215
TYC8133-1754-1	achi200111.1286.fits	2458861.147969907	114.53925	-46.244166666666665	1200.0	4.7869410846279115
TYC8133-1522-1	achi200111.1288.fits	2458861.1658541667	114.7195	-46.154916666666665	1200.0	4.875410129576956
HD63579	achi200111.1290.fits	2458861.1781020835	116.29629166666666	-47.43702777777777	1185.664	5.468928997786581
2MASSJ08494919-530	achi191128.1160.fits	2458817.2422523145	132.46816666666666	-53.09108333333334	1200.0	12.161855288278174
2MASSJ08552624-585	achi220324.1128.fits	2459663.977837963	133.86295833333332	-58.83566666666667	1200.0	-0.8206449187280946
2MASSJ08020291-514	achi220331.1120.fits	2459670.9139247686	120.508875	-51.80536111111111	1200.0	-6.992348596281126
2MASSJ08150221-444	achi220331.1122.fits	2459670.929112268	123.757	-44.72952777777778	1200.0	-9.959231873856767
2MASSJ08461605-583	achi220331.1124.fits	2459670.944497685	131.56308333333334	-58.536	1200.0	-2.539668029817234
HD64699	achi200223.1125.fits	2458904.010491898	118.25204166666667	-45.953027777777784	1200.0	-3.3411989356074274
2MASSJ08042347-493	achi200223.1127.fits	2458904.026273148	121.09758333333333	-49.64205555555556	1200.0	-1.3437002421348743
2MASSJ08323887-522	achi200223.1133.fits	2458904.0638703704	128.16308333333333	-52.44822222222222	1200.0	1.438606055486362
2MASSJ07262982-443	achi210415.1125.fits	2459320.932554398	111.62491666666666	-44.60783333333333	1200.0	-12.146718270543682
2MASSJ07560331-491	achi191215.1151.fits	2458834.192966435	119.02616666666667	-49.177277777777775	1200.0	10.058951950627456
2MASSJ08450857-531	achi200103.1171.fits	2458853.2568402775	131.42404166666665	-53.30522222222222	1200.0	10.962833085671365
2MASSJ08101783-513	achi220506.1116.fits	2459706.8639560184	122.57245833333333	-51.587500000000006	1200.0	-10.622106910281916
2MASSJ08212561-515	achi190420.1147.fits	2458595.054986111	125.36020833333333	-51.85344444444445	1200.0	-8.985287184750133
HD57001	achi181102.1156.fits	2458425.8136481484	109.30383333333333	-46.68238888888889	288.0	11.487532763029284
TYC8119-123-1	achi181102.1158.fits	2458426.1357118054	109.35354166666667	-46.8305	1200.0	11.034579057307086
CD-453072	achi181102.1160.fits	2458426.151196759	109.46516666666666	-45.74438888888889	1200.0	11.520681532552013
TYC8124-2279-1	achi181102.1162.fits	2458426.1672118055	109.935375	-47.17408333333333	1200.0	10.973743878031
TYC8120-2711-1	achi181102.1164.fits	2458426.183116898	110.75995833333333	-46.37186111111111	1200.0	11.443235466459077
HD64780	achi200224.1124.fits	2458904.966559028	118.35295833333333	-46.967111111111116	1200.0	-3.23434164151736
2MASSJ08364848-511	achi200224.1133.fits	2458905.0316840275	129.19983333333334	-51.23438888888889	1200.0	1.1375834680627006
2MASSJ08163526-462	achi220323.1128.fits	2459662.9450266203	124.15045833333333	-46.500277777777775	1200.0	-7.646424428242088
CD-463212	achi181230.1139.fits	2458484.065208333	112.94029166666667	-46.99427777777778	1200.0	6.264890586198542
CD-463471	achi200218.1138.fits	2458899.0212488426	117.42566666666667	-46.384055555555555	1200.0	-2.3587639065436434
TYC8138-1759-1	achi211122.1159.fits	2459542.20634375	115.53583333333333	-48.66675	1200.0	10.892450312032553
CD-423577p	achi211122.1161.fits	2459542.221699074	117.50458333333333	-43.09788888888889	1200.0	13.334156274622424
TYC7658-4532-1	achi211122.1163.fits	2459542.2369594905	117.84058333333333	-44.581388888888895	1200.0	12.898223531548501
2MASSJ07150673-463	achi211122.1168.fits	2459542.264690972	108.79208333333334	-46.64972222222222	1200.0	10.130997623625419
2MASSJ07573369-501	achi210216.1136.fits	2459263.072935185	119.39191666666666	-50.257555555555555	1200.0	-0.338931254189629
HD67129	achi210216.1140.fits	2459263.1119467593	121.12141666666666	-48.266194444444444	1200.0	-0.34444470924699727
2MASSJ08183357-492	achi210216.1142.fits	2459263.127398148	124.64175	-49.40697222222222	1200.0	1.018020891961525
2MASSJ07215207-452	achi201031.1167.fits	2459155.249814815	110.46825	-45.48066666666667	1200.0	11.843774637781433
2MASSJ07592987-483	achi201031.1170.fits	2459155.266194444	119.87366666666667	-48.66286111111111	1200.0	11.36664674261799
2MASSJ07561197-472	achi220317.1129.fits	2459656.9644803237	119.05770833333334	-47.34341666666667	1200.0	-7.037226223843858
2MASSJ08131120-445	achi220317.1131.fits	2459656.9798287037	123.30704166666666	-44.97386111111111	1200.0	-7.245312256557874
HD72163	achi200306.1147.fits	2458915.9852662035	127.31445833333333	-50.25313888888889	885.0	-2.0723520722587696
2MASSJ08292220-505	achi200306.1149.fits	2458916.1067835647	127.34325	-50.847166666666666	1200.0	-1.6949619559122246
2MASSJ08492498-533	achi190327.1145.fits	2458571.079449074	132.35616666666667	-53.547444444444444	1200.0	-3.7333794585512203
2MASSJ08301848-510	achi200210.1153.fits	2458891.145821759	127.58175	-51.02880555555556	1200.0	3.6952196500592787
2MASSJ08382678-535	achi200210.1155.fits	2458891.1652719905	129.61520833333333	-53.99461111111111	1200.0	4.831736624043883
2MASSJ08292489-503	achi200210.1159.fits	2458891.1970312498	127.361875	-50.66730555555555	1200.0	3.633312884351977
2MASSJ08040029-505	achi220318.1131.fits	2459658.00449537	121.01045833333333	-50.873444444444445	1200.0	-5.267238774176159
2MASSJ08105813-472	achi220318.1133.fits	2459658.019818287	122.753	-47.489666666666665	1200.0	-6.418368568015949
HD73387	achi200309.1141.fits	2458919.0514513887	129.01508333333334	-51.10502777777778	1200.0	-1.9110327546764114
HD73464	achi200309.1143.fits	2458919.056528935	129.037125	-53.48063888888889	1169.0	-1.0265628121403787
HD63364	achi200130.1141.fits	2458879.819914352	116.769625	-46.99330555555556	597.0	1.6408172495914486
TYC8134-2250-1	achi200130.1143.fits	2458879.892607639	117.386875	-46.67525	767.0	1.7426464370231471
TYC8134-2250-2	achi200130.1145.fits	2458880.055040509	117.38645833333334	-46.675444444444445	1200.0	1.8102436304542462
TYC8126-350-1	achi210204.1129.fits	2459251.0292280093	105.38458333333334	-48.97638888888889	1200.0	-2.5935063244217917
TYC8122-2115-1	achi210204.1131.fits	2459251.045171296	105.74345833333334	-48.55169444444444	1200.0	-2.5878596465736408
HD76901	achi210211.1138.fits	2459258.1117465277	134.20129166666666	-54.22177777777778	1005.0	5.788237396053233
TYC8590-874-1	achi210211.1140.fits	2459258.192674768	135.850375	-56.78358333333333	1200.0	6.697341424716417
2MASSJ07110162-453	achi210219.1134.fits	2459266.016204861	107.755625	-45.51358333333334	1200.0	-5.66060492660869
CD-463007	achi210219.1136.fits	2459266.031534722	108.90004166666667	-46.93411111111111	1200.0	-4.83536069592722
TYC8138-2569-1	achi200217.1136.fits	2458898.018372685	117.43825	-47.82844444444445	1200.0	-1.7149656083436766
HD66005	achi200217.1138.fits	2458897.6379293986	119.79883333333333	-49.978750000000005	58.0	-0.21420791894490976
TYC8134-1929-1	achi200202.1141.fits	2458883.085262731	116.63145833333333	-46.80833333333333	1200.0	0.9824387450731786
CD-483205	achi200202.1143.fits	2458883.101564815	117.13858333333333	-48.49461111111111	1200.0	1.492138375610459
2MASSJ07491846-465	achi200202.1145.fits	2458883.1172812497	117.47975	-47.016444444444446	1200.0	1.3490522146555435
2MASSJ07554620-471	achi200301.1127.fits	2458910.9825590276	118.941	-47.21441666666667	1200.0	-4.1993141969223045
HD65335	achi200301.1130.fits	2458911.0025393516	119.02883333333334	-47.83163888888889	1200.0	-3.9244363596887144
CD-344842B	achi181203.1149.fits	2458457.177630787	126.99841666666667	-35.11511111111111	1200.0	17.262831928302933
HD64759	achi210218.1142.fits	2459265.054048611	118.31691666666667	-47.6215	1200.0	-1.8450381803961298
CD-344836	achi181202.1151.fits	2458456.1780358795	126.94166666666666	-35.00322222222222	1200.0	17.38273974871065
HD72138	achi181202.1166.fits	2458456.0273171295	127.49725	-35.53066666666667	480.0	17.374546044917974
TYC8138-2304-1	achi200216.1136.fits	2458897.103662037	117.380125	-47.87327777777778	1200.0	-1.397083536534718
HD72857	achi200308.1136.fits	2458917.9345578705	128.21229166666666	-52.54958333333333	962.0	-1.4815012616574432
2MASSJ08334968-514	achi200308.1138.fits	2458918.0302199074	128.45441666666667	-51.718333333333334	1200.0	-1.6358053299581947
2MASSJ08090430-474	achi220319.1132.fits	2459658.9760277774	122.27741666666667	-47.68588888888888	1200.0	-6.665911254886825
2MASSJ08302001-565	achi220319.1134.fits	2459658.991472222	127.59054166666667	-56.87625	1200.0	-1.764128048326735
TYC7633-1819-1	achi210210.1136.fits	2459257.063853009	106.19379166666667	-40.418527777777776	1200.0	-5.9781675311541065
CD-521811	achi210210.1138.fits	2459257.079863426	106.26279166666667	-52.92508333333333	1200.0	-1.997139704911764
CD-552380	achi210210.1144.fits	2459257.1436446756	132.89358333333334	-55.90691666666667	1200.0	5.885487946810898
TYC8586-1678-1	achi210210.1146.fits	2459257.1605752315	133.38204166666668	-55.169333333333334	1200.0	5.936774814412647
2MASSJ08563299-552	achi210210.1148.fits	2459257.1764004626	134.13916666666665	-55.43997222222222	1200.0	6.2054654937077025
2MASSJ08260440-343	achi181130.1159.fits	2458454.2092835647	126.52375	-34.51213888888889	1200.0	17.648919242743215
TYC8134-2159-1	achi200131.1128.fits	2458881.016005787	115.70575	-45.560944444444445	1200.0	0.7833994664394289
HD64248	achi200131.1132.fits	2458880.8113252316	117.84183333333333	-46.38130555555556	486.0	1.6995529788261166
HD64318	achi200131.1134.fits	2458880.6751261572	117.95454166666667	-47.272166666666664	71.0	2.1151964586928043
HD64578	achi200131.1136.fits	2458880.8519953704	118.21666666666667	-48.74144444444445	572.0	2.181271293534701
2MASSJ07131040-521	achi201030.1175.fits	2459154.2519490737	108.29358333333333	-52.23038888888889	1200.0	8.557172491295521
HD66006	achi201030.1179.fits	2459153.8856423614	119.80675	-49.974805555555555	61.0	10.923260612148876
2MASSJ08295658-511	achi200211.1146.fits	2458892.179895833	127.49233333333333	-51.200138888888894	1200.0	3.545263024585376
2MASSJ08342423-534	achi200211.1148.fits	2458892.19562037	128.60870833333334	-53.80986111111111	1200.0	4.370405019769548
2MASSJ08343731-502	achi200211.1150.fits	2458892.2113923607	128.66345833333332	-50.41891666666666	1200.0	3.8001673917848455
2MASSJ08352943-514	achi200211.1152.fits	2458892.227622685	128.88104166666668	-51.819833333333335	1200.0	4.137439758547759
HD64461	achi200204.1140.fits	2458885.120800926	118.10379166666667	-47.307138888888886	1200.0	1.1952945633004595
HD65658	achi200204.1146.fits	2458884.7940659723	119.56554166666666	-46.65108333333333	139.0	1.4672906007910584
CD-503373	achi200307.1146.fits	2458917.1127118054	127.37445833333334	-50.942166666666665	1200.0	-1.8511376211898605
2MASSJ08301902-510	achi200307.1148.fits	2458917.132199074	127.58304166666667	-51.02952777777778	1200.0	-1.7448229117085812
2MASSJ07122621-452	achi181205.1146.fits	2458459.1695335647	108.116875	-45.33991666666667	1200.0	8.823983288227737
2MASSJ07545403-481	achi220316.1131.fits	2459655.970150463	118.7315	-48.26294444444444	1200.0	-6.5126014137168635
2MASSJ08045293-473	achi220316.1139.fits	2459656.017954861	121.22941666666667	-47.61944444444445	1200.0	-6.27689027093761
2MASSJ08065006-473	achi210125.1137.fits	2459241.110206018	121.714125	-47.54061111111111	1200.0	4.366842094953301
APCol_2	achi200120.1126.fits	2458869.971574074	91.394625	-34.55694444444444	1200.0	-7.831774213078935
2MASSJ08094262-500	achi210314.1146.fits	2459289.0383611107	122.42741666666667	-50.043388888888884	1200.0	-4.677507917603715
TYC8153-960-1	achi210314.1148.fits	2459289.0539085646	125.09970833333334	-48.20547222222223	1200.0	-4.881851466584271
HD70977	achi210314.1150.fits	2459289.0695810183	125.67404166666667	-49.82372222222222	1200.0	-4.084516653154069
2MASSJ08253727-491	achi210314.1152.fits	2459289.0852546296	126.40808333333334	-49.21819444444445	1200.0	-4.154518645077889
TYC8144-2888-1	achi200123.1169.fits	2458873.2127372683	121.15045833333333	-50.14936111111111	1200.0	5.0903034180976565
CD-493158	achi210217.1134.fits	2459264.040327546	118.50695833333333	-49.76911111111111	1200.0	-0.9632438757772785
TYC8158-2342-1	achi210217.1137.fits	2459264.0657719905	127.390625	-50.126805555555556	1200.0	1.710469250368693
HD74056	achi210217.1139.fits	2459264.044332176	129.82316666666668	-53.288333333333334	1094.0	3.1311448678129814
HD66191	achi200305.1130.fits	2458915.009341435	120.05995833333333	-47.78113888888889	1200.0	-4.472511149966478
HD66971	achi200305.1132.fits	2458914.8753622686	120.90620833333334	-48.98952777777778	769.0	-3.932391047611965
HD71969	achi200305.1133.fits	2458914.732133102	127.01620833333334	-51.23625	328.0	-1.5671298909763547
HD73105	achi200310.1133.fits	2458919.609957176	128.53504166666667	-53.07302777777778	91.0	-1.3927016764651485
TYC8568-2056-1	achi200310.1135.fits	2458919.998023148	129.20204166666667	-54.13338888888889	1200.0	-1.013024313910541
2MASSJ08393055-512	achi200310.1137.fits	2458920.014037037	129.87295833333334	-51.478750000000005	1200.0	-1.8347328887682417
2MASSJ08280595-495	achi190324.1147.fits	2458568.1053680554	127.03229166666667	-49.97061111111111	1200.0	-5.55088185312638
2MASSJ08414215-520	achi200213.1143.fits	2458894.1372696757	130.42683333333332	-52.10969444444444	1200.0	4.129539233476966
2MASSJ08415930-521	achi200213.1145.fits	2458894.153673611	130.498625	-52.18033333333333	1200.0	4.185762408790457
2MASSJ07501009-472	achi200206.1144.fits	2458887.0678599537	117.5415	-47.34466666666667	1200.0	0.5279131873639389
2MASSJ07501518-461	achi200206.1146.fits	2458887.0835474534	117.56391666666667	-46.26983333333333	1200.0	0.32268108762421266
2MASSJ07502910-475	achi200206.1148.fits	2458887.0994201386	117.62266666666666	-47.96491666666667	1200.0	0.7320121503795425
TYC8119-871-1	achi211129.1150.fits	2459549.137179398	109.28666666666666	-45.528999999999996	1200.0	9.7861909785259
2MASSJ07442624-440	achi211129.1161.fits	2459549.228835648	116.11775	-44.049638888888886	1200.0	12.175487666251435
2MASSJ07452644-475	achi211129.1163.fits	2459549.2446469907	116.36925	-47.914027777777775	1200.0	11.031897516487469
TYC8123-335-1	achi211121.1147.fits	2459541.167366898	109.04545833333333	-48.03872222222222	1200.0	9.683100501518254
2MASSJ07170968-464	achi211121.1149.fits	2459541.182736111	109.30479166666667	-46.69047222222222	1200.0	10.21562508461158
CD-433318	achi211121.1153.fits	2459541.2152002314	113.10954166666667	-43.62116666666667	1200.0	12.206857848717963
2MASSJ08395173-515	achi211121.1164.fits	2459541.2757384256	129.9765	-51.913888888888884	1200.0	12.055997366482543
TYC8143-2619-1	achi210215.1139.fits	2459262.076869213	118.1305	-49.13397222222222	1200.0	-0.8155518077050704
2MASSJ07541099-494	achi191118.1155.fits	2458807.203241898	118.55875	-49.74572222222222	1200.0	11.152541257436114
TYC8122-69-1	achi181023.1400.fits	2458416.220491898	106.522125	-47.36347222222222	1200.0	10.508886750583326
CD-483192	achi200201.1153.fits	2458882.1366631943	116.97329166666667	-48.54219444444444	1200.0	1.6957561386558662
2MASSJ08212561-515_2	achi200201.1155.fits	2458882.1533761574	125.49666666666667	-51.91586111111111	1200.0	4.926304606127792
2MASSJ08373864-510	achi200214.1146.fits	2458895.1410300923	129.41454166666668	-51.002722222222225	1200.0	3.414421714975545
TYC8163-1809-1	achi200214.1148.fits	2458895.1582974535	129.97979166666667	-51.950472222222224	1200.0	3.7933756950401514
TYC8163-2765-1	achi200214.1150.fits	2458895.174189815	129.972125	-51.771277777777776	1200.0	3.777615805131692
2MASSJ07371850-485	achi190323.1137.fits	2458567.0727719907	114.33158333333333	-48.84594444444445	1200.0	-7.715683026973725
2MASSJ08351629-515	achi211214.1156.fits	2459564.1900173607	128.81954166666668	-51.936749999999996	1200.0	11.853029012220375
HD65729	achi200302.1126.fits	2458911.9609247684	119.50245833333334	-46.10458333333334	1200.0	-4.699741494917016
CD-483350	achi200302.1128.fits	2458911.9771053237	119.56858333333334	-49.23825	1200.0	-3.495383143740941
CD-503414	achi200302.1141.fits	2458912.048186342	128.81258333333332	-50.91036111111111	1200.0	-0.5496962020870916
2MASSJ08351629-515	achi200302.1143.fits	2458912.0637094905	128.81766666666667	-51.9415	1200.0	-0.19139303192763246
TYC7143-191-1	achi181215.1159.fits	2458469.1906192126	127.26920833333334	-34.24455555555556	1200.0	15.913251456099948
2MASSJ08310444-350	achi181215.1161.fits	2458469.2062083334	127.77491666666667	-35.03341666666667	1200.0	15.925033908081522
HD56701	achi201028.1180.fits	2459151.8733564815	109.00320833333333	-45.894083333333334	297.0	11.741769610196467
2MASSJ08000812-453	achi201028.1184.fits	2459152.2060347223	120.034	-45.553916666666666	1200.0	12.58771716743602
TYC8162-333-1	achi190405.1139.fits	2458580.068667824	128.62483333333333	-51.22991666666667	1200.0	-6.958359486303171
TYC7671-4253-1	achi210304.1127.fits	2459278.9790648147	120.78941666666667	-44.637388888888886	1200.0	-5.266112901612874
2MASSJ08192677-491	achi210304.1129.fits	2459278.994517361	124.86029166666667	-49.16891666666666	1200.0	-2.5706232374478697
CD-513115	achi210304.1131.fits	2459279.010042824	129.411875	-51.64125	1200.0	-0.5676624341499839
2MASSJ08411381-522	achi210304.1133.fits	2459279.025423611	130.30625	-52.45055555555556	1200.0	-0.06027152653250152
TYC8134-586-1	achi210212.1141.fits	2459259.091003472	115.838375	-45.949194444444444	1200.0	-1.75297777504122
TYC8138-168-1	achi210212.1143.fits	2459259.1063159723	116.14858333333333	-47.38861111111111	1200.0	-1.2394940269973658
2MASSJ07245050-514	achi211126.1150.fits	2459546.1952453703	111.223	-51.797916666666666	1200.0	8.656757153823042
2MASSJ07011787-432	achi210128.1229.fits	2459244.043482639	105.32408333333333	-43.3845	1200.0	-2.707410860114902
2MASSJ07594022-444	achi210128.1233.fits	2459244.066085648	119.91741666666667	-44.766666666666666	1200.0	2.6947429958496585
2MASSJ07134517-472	achi210915.1181.fits	2459474.2928020833	108.443	-47.380472222222224	1200.0	7.902090320480744
TYC8162-1117-1	achi200209.1134.fits	2458890.078684028	127.48704166666667	-51.41627777777778	1200.0	3.8478941770882664
TYC8162-956-1	achi200209.1136.fits	2458890.095097222	127.567875	-51.89083333333333	1200.0	3.9745496742007487
TYC8568-260-1	achi200209.1138.fits	2458890.110835648	129.41529166666666	-52.67322222222222	1200.0	4.675750109093469
CD-443740	achi210213.1134.fits	2459260.0816099537	116.866125	-45.29711111111111	1200.0	-1.8474187180090298
2MASSJ07203642-431	achi201029.1176.fits	2459153.2505312497	110.151125	-43.244305555555556	1200.0	12.787058483298502
HD69404	achi201029.1182.fits	2459152.9014097224	123.71366666666667	-46.486694444444446	65.0	12.712327577339213
TYC8143-1918-1	achi200208.1135.fits	2458889.023111111	118.44654166666666	-49.21677777777778	1200.0	0.7711384328184877
TYC8568-293-1	achi200208.1149.fits	2458889.1482777777	129.07954166666667	-52.53722222222222	1200.0	4.7928461084221405
TYC8568-298-1	achi200208.1153.fits	2458889.193097222	129.23666666666668	-52.98716666666667	1200.0	4.967405942897057
2MASSJ08040005-495	achi210129.1140.fits	2459245.1136921295	121.00145833333333	-49.918388888888884	1200.0	3.6230103943288268
TYC7143-998-1	achi181214.1156.fits	2458468.2290682867	127.24845833333333	-34.484861111111115	1200.0	16.07898738404533
2MASSJ08264387-342	achi181201.1163.fits	2458455.2157905092	126.68825	-34.32641666666667	1200.0	17.657942030705428
HD67418	achi200303.1128.fits	2458913.0041469904	121.44808333333333	-46.24	1200.0	-4.319944803280439
KWVel	achi200303.1130.fits	2458912.7242037035	122.17179166666666	-49.49930555555556	348.0	-2.961796004606195
2MASSJ07172155-453	achi211215.1143.fits	2459565.1117395833	109.34491666666666	-45.64347222222222	1200.0	7.614072529573832
2MASSJ08441148-494	achi211215.1155.fits	2459565.204795139	131.05375	-49.73008333333333	1200.0	12.999450155771763
TYC8138-167-1	achicombin.TYC8138-167-1.fits	2458863.10296875	115.795	-48.343	1200.0	4.8509888183918255
2MASSJ07514674-460	achicombin.2MASSJ07514674-460.fits	2458582.0133969905	117.94866666666667	-46.12255555555556	1200.0	-10.610371597605877
2MASSJ07463583-445	achicombin.2MASSJ07463583-445.fits	2458864.1571006943	116.80916666666667	-44.94197222222222	1200.0	4.974608077211955
2MASSJ07492170-463	achicombin.2MASSJ07492170-463.fits	2458897.087324074	117.342125	-46.51255555555556	1200.0	-1.827105544218374
2MASSJ07421676-482	achicombin.2MASSJ07421676-482.fits	2458881.032409722	115.7115	-48.45205555555556	1200.0	1.3323799776194045
HD56734	achicombin.HD56734.fits	2458458.0607488425	109.012125	-46.608694444444446	726.0	8.844314148914426
2MASSJ07471652-493	achicombin.2MASSJ07471652-493.fits	2458596.0127268517	116.82141666666666	-49.53311111111111	1200.0	-10.148334281658267
2MASSJ08284436-505	achicombin.2MASSJ08284436-505.fits	2458819.236460648	127.199375	-50.871027777777776	1200.0	12.242849373581203
2MASSJ07470563-475	achicombin.2MASSJ07470563-475.fits	2458595.038987268	116.778875	-47.96627777777778	1200.0	-10.797218665543104
QSPup	achicombin.QSPup.fits	2458869.8627048614	117.46254166666667	-46.91266666666667	36.0	3.959464160842549
2MASSJ08312740-512	achicombin.2MASSJ08312740-512.fits	2458902.077145833	127.86341666666667	-51.48908333333333	1200.0	1.5251657932777052
2MASSJ08361270-515	achicombin.2MASSJ08361270-515.fits	2458820.2573634256	129.06533333333334	-51.867666666666665	1200.0	12.221452601844273
2MASSJ08281901-522	achicombin.2MASSJ08281901-522.fits	2458906.0316493055	127.075875	-52.44302777777777	1200.0	0.7073959796648677
2MASSJ08404809-512	achicombin.2MASSJ08404809-512.fits	2458884.208699074	130.35733333333334	-51.45125	1200.0	6.081226554498774
2MASSJ07540255-460	achicombin.2MASSJ07540255-460.fits	2458906.991903935	118.50904166666666	-46.14922222222222	1200.0	-3.8629325453884755
2MASSJ07564756-475	achicombin.2MASSJ07564756-475.fits	2458901.0211018515	119.34545833333334	-47.91786111111111	1200.0	-1.7588799699512243
2MASSJ07580565-491	achicombin.2MASSJ07580565-491.fits	2458904.9825532404	119.52354166666667	-49.221805555555555	1200.0	-2.147370151965331
2MASSJ08012725-494	achicombin.2MASSJ08012725-494.fits	2458904.9983067126	120.362125	-49.67483333333333	1200.0	-1.7601090581857728
2MASSJ08362653-494	achicombin.2MASSJ08362653-494.fits	2458919.082765046	129.109625	-49.67997222222222	1200.0	-2.367071482283439
2MASSJ08223071-492	achicombin.2MASSJ08223071-492.fits	2458913.026046296	125.62645833333333	-49.440916666666666	1200.0	-2.0941165577653797
2MASSJ08283563-513	achicombin.2MASSJ08283563-513.fits	2458904.04805787	127.14841666666666	-51.50977777777778	1200.0	0.8820655196101616
2MASSJ08034730-491	achicombin.2MASSJ08034730-491.fits	2459158.240949074	120.94616666666667	-49.227333333333334	1200.0	11.337611018293519
2MASSJ07293289-461	achicombin.2MASSJ07293289-461.fits	2459159.152978009	112.38758333333334	-46.18108333333333	1200.0	11.715807989287848
RP934	achicombin.RP934.fits	2459174.2386817127	112.84370833333334	-46.96425	1200.0	11.109837395798893
RP937	achicombin.RP937.fits	2458484.081517361	113.36745833333333	-46.80633333333333	1200.0	6.437895282069634
2MASSJ07502381-465	achicombin.2MASSJ07502381-465.fits	2459153.2662569443	117.59783333333333	-46.99216666666667	1200.0	11.865719896399922
TYC8142-1598-1	achicombin.TYC8142-1598-1.fits	2458864.1745925923	117.74479166666667	-48.947222222222216	1200.0	5.448108029371663
TYC8138-2890-1	achicombin.TYC8138-2890-1.fits	2458900.0771550923	118.03070833333334	-47.36716666666667	1200.0	-2.0164747116203507
TYC8138-3251-1	achicombin.TYC8138-3251-1.fits	2458900.094622685	118.03104166666667	-47.14936111111111	1200.0	-2.0571200276486694
TYC8139-3353-1	achicombin.TYC8139-3353-1.fits	2458908.0124791665	118.509125	-48.362	1200.0	-3.2599531606378553
TYC8135-458-1	achicombin.TYC8135-458-1.fits	2458908.0291296295	118.59375	-46.78794444444444	1200.0	-3.7743918401684127
HD65167	achicombin.HD65167.fits	2458909.049668981	118.83045833333334	-46.57383333333334	1200.0	-3.9643572199646675
2MASSJ08443526-523	achicombin.2MASSJ08443526-523.fits	2458896.1010266203	131.148125	-52.57038888888889	1200.0	3.978168962164625
TYC8143-2246-1	achicombin.TYC8143-2246-1.fits	2458873.1963796294	120.71033333333334	-49.62836111111111	1200.0	4.882505866746792
TYC8144-1249-1	achicombin.TYC8144-1249-1.fits	2459152.221864583	121.59433333333334	-49.38302777777778	1200.0	10.882900489498144
TYC8569-3283-1	achicombin.TYC8569-3283-1.fits	2458876.2432835647	131.426875	-53.58588888888889	1200.0	8.000088915599584
HD73951	achicombin.HD73951.fits	2459241.1262638886	129.71045833333332	-52.16341666666666	1200.0	7.319486735776357
2MASSJ07593159-482	achicombin.2MASSJ07593159-482.fits	2458907.007844907	119.87916666666666	-48.337138888888894	1200.0	-2.7255583275888653
TYC8139-4265-1	achicombin.TYC8139-4265-1.fits	2458913.9545358797	119.09770833333333	-46.880611111111115	1200.0	-4.915155607819778
TYC7641-169-1	achicombin.TYC7641-169-1.fits	2459251.0604999997	105.82345833333333	-44.02719444444444	1200.0	-3.7952229561356443
PHa92	achicombin.PHa92.fits	2459315.9742245367	127.171875	-33.773805555555555	1200.0	-16.04727693206322
2MASSJ08395173-515	achi200215.1133.fits	2458896.0637060185	129.96425	-51.91811111111111	1200.0	3.4573576672833526
2MASSJ08441148-494	achi200215.1135.fits	2458896.0850960645	131.04808333333332	-49.72813888888889	1200.0	3.364555427164097
2MASSJ08170374-503	achi190419.1130.fits	2458594.0541388886	124.27416666666667	-50.538916666666665	1200.0	-9.529167731663218
2MASSJ07522717-475	achi191116.1157.fits	2458805.17358912	118.12575	-47.96041666666667	1200.0	11.791442874334274
2MASSJ07583662-461	achi210302.1132.fits	2459277.000908565	119.65104166666667	-46.24905555555556	1230.0	-4.502201590404165
TYC8163-1937-1	achi210302.1137.fits	2459277.0515509257	131.121375	-51.81075	1200.0	0.3954570039446054
TYC8123-387-1	achi210317.1142.fits	2459292.0524155092	108.40508333333334	-47.67819444444444	1200.0	-8.319235195559394
HD55000	achi181022.1423.fits	2458414.89187037	107.25320833333333	-45.32355555555556	116.0	11.789739563691873
HD55400	achi181022.1425.fits	2458414.951150463	107.66879166666666	-45.5745	277.0	11.60985398403863
HD56264	achi181022.1427.fits	2458414.925611111	108.554625	-46.31830555555556	190.0	11.389286243279553
2MASSJ07520589-482	achi191119.1161.fits	2458808.240855324	118.02391666666666	-48.37561111111111	1200.0	11.635176874210671
HD63869	achi210214.1137.fits	2459261.101638889	117.23770833333333	-46.62416666666667	1200.0	-1.548788261919017
2MASSJ07494943-461	achi210201.1136.fits	2459248.076511574	117.45525	-46.239000000000004	1200.0	1.198864765031083
2MASSJ07510378-453	achi210201.1138.fits	2459248.0933090276	117.76604166666667	-45.54088888888889	1200.0	1.1986361996256818
TYC8119-1766-1	achi211120.1156.fits	2459540.186728009	109.064625	-46.62294444444444	1200.0	10.260340896698533
TYC8138-2569-1	achi211120.1160.fits	2459540.213167824	117.453125	-47.82191666666667	1200.0	11.6676969420329
TYC8140-3850-1	achi211120.1162.fits	2459540.228375	121.69841666666666	-48.26327777777778	1200.0	12.285434133176583
TYC8139-589-1	achi200207.1149.fits	2458888.122076389	118.19675	-47.21958333333333	1200.0	0.5783802483981093
2MASSJ07542550-465	achi200207.1151.fits	2458888.1384907407	118.606875	-46.85611111111111	1200.0	0.6556529315223376
TYC8139-2296-1	achi200207.1153.fits	2458888.154126157	119.2935	-47.52741666666667	1200.0	1.0445466121640608
2MASSJ07595002-490	achi200207.1155.fits	2458888.1700416664	119.96329166666666	-49.03536111111111	1200.0	1.5965134344447598
TYC8157-1137-1	achi200207.1157.fits	2458888.18584375	126.07095833333334	-49.70736111111111	1200.0	3.665389747216553
TYC8161-1607-1	achi200207.1159.fits	2458888.201699074	126.49708333333334	-51.300999999999995	1200.0	4.08242538535111
TYC8158-1417-1	achi200207.1161.fits	2458888.2175277774	127.0485	-49.252944444444445	1200.0	3.9454475234222217
TYC8568-1105-1	achi200212.1131.fits	2458893.1823784723	129.20420833333333	-53.282555555555554	1200.0	4.243469736450279
TYC8134-2633-1	achi190325.1138.fits	2458569.0729224537	116.494125	-46.244083333333336	1200.0	-8.94648639896658
TYC8158-1304-1	achi190325.1147.fits	2458569.134134259	128.244625	-49.873194444444444	1200.0	-5.547905981451831
2MASSJ08391713-523	achi211212.1156.fits	2459562.1877453704	129.821375	-52.501916666666666	1200.0	11.967411821419393
2MASSJ08395199-515	achi211212.1158.fits	2459562.203065972	129.96795833333334	-51.9205	1200.0	12.200476811651207
HD71789	achi200304.1137.fits	2458913.9260358796	126.755625	-50.061138888888884	876.0	-1.9036966465989735
CD-493560	achi200304.1139.fits	2458914.0523692127	126.75970833333334	-50.377250000000004	1200.0	-1.6615089695820007
TYC8119-1299-1	achi181213.1144.fits	2458467.153366898	108.63820833333334	-46.08236111111111	1200.0	7.690998203901386
HD71269	achi181129.1166.fits	2458453.078814815	126.30979166666667	-34.387972222222224	696.0	17.672512434771054
